  Application.cpp
  Camera.cpp
  CMyFileFactory.cpp
C:\Users\Darren\Documents\GitHub\Studio-Project3\DM2212_Physics\Physics\Source\CMyFileFactory.cpp(5,1): warning C4996: 'fopen': This function or variable may be unsafe. Consider using fopen_s instead. To disable deprecation, use _CRT_SECURE_NO_WARNINGS. See online help for details.
  GameObject.cpp
  GeneralClass.cpp
C:\Program Files (x86)\Windows Kits\10\Include\10.0.18362.0\ucrt\stdio.h(208): message : see declaration of 'fopen'
C:\Users\Darren\Documents\GitHub\Studio-Project3\DM2212_Physics\Physics\Source\GeneralClass.cpp(6,16): warning C4244: 'argument': conversion from 'int' to 'float', possible loss of data
  LoadOBJ.cpp
  LoadTGA.cpp
  main.cpp
  Mesh.cpp
  MeshBuilder.cpp
  SceneAsteroid.cpp
C:\Users\Darren\Documents\GitHub\Studio-Project3\DM2212_Physics\Physics\Source\GeneralClass.cpp(12,16): warning C4244: 'argument': conversion from 'int' to 'float', possible loss of data
C:\Users\Darren\Documents\GitHub\Studio-Project3\DM2212_Physics\Physics\Source\SceneAsteroid.cpp(39,17): warning C4305: '=': truncation from 'double' to 'float'
C:\Users\Darren\Documents\GitHub\Studio-Project3\DM2212_Physics\Physics\Source\SceneAsteroid.cpp(169,52): warning C4244: 'argument': conversion from 'double' to 'float', possible loss of data
C:\Users\Darren\Documents\GitHub\Studio-Project3\DM2212_Physics\Physics\Source\SceneAsteroid.cpp(286,19): warning C4244: '+=': conversion from 'double' to 'float', possible loss of data
C:\Users\Darren\Documents\GitHub\Studio-Project3\DM2212_Physics\Physics\Source\SceneAsteroid.cpp(329,25): warning C4244: '+=': conversion from 'double' to 'float', possible loss of data
C:\Users\Darren\Documents\GitHub\Studio-Project3\DM2212_Physics\Physics\Source\SceneAsteroid.cpp(334,25): warning C4244: '-=': conversion from 'double' to 'float', possible loss of data
C:\Users\Darren\Documents\GitHub\Studio-Project3\DM2212_Physics\Physics\Source\SceneAsteroid.cpp(337,22): warning C4305: '=': truncation from 'double' to 'float'
C:\Users\Darren\Documents\GitHub\Studio-Project3\DM2212_Physics\Physics\Source\SceneAsteroid.cpp(353,76): warning C4244: 'argument': conversion from 'int' to 'float', possible loss of data
C:\Users\Darren\Documents\GitHub\Studio-Project3\DM2212_Physics\Physics\Source\SceneAsteroid.cpp(428,20): warning C4244: '=': conversion from 'double' to 'float', possible loss of data
C:\Users\Darren\Documents\GitHub\Studio-Project3\DM2212_Physics\Physics\Source\SceneAsteroid.cpp(434,20): warning C4244: '=': conversion from 'float' to 'int', possible loss of data
C:\Users\Darren\Documents\GitHub\Studio-Project3\DM2212_Physics\Physics\Source\SceneAsteroid.cpp(435,69): warning C4244: 'argument': conversion from 'int' to 'float', possible loss of data
C:\Users\Darren\Documents\GitHub\Studio-Project3\DM2212_Physics\Physics\Source\SceneAsteroid.cpp(451,18): warning C4244: '-=': conversion from 'double' to 'float', possible loss of data
C:\Users\Darren\Documents\GitHub\Studio-Project3\DM2212_Physics\Physics\Source\SceneAsteroid.cpp(461,71): warning C4244: 'argument': conversion from 'int' to 'float', possible loss of data
C:\Users\Darren\Documents\GitHub\Studio-Project3\DM2212_Physics\Physics\Source\SceneAsteroid.cpp(487,17): warning C4244: '=': conversion from 'int' to 'float', possible loss of data
C:\Users\Darren\Documents\GitHub\Studio-Project3\DM2212_Physics\Physics\Source\SceneAsteroid.cpp(492,17): warning C4244: '=': conversion from 'int' to 'float', possible loss of data
C:\Users\Darren\Documents\GitHub\Studio-Project3\DM2212_Physics\Physics\Source\SceneAsteroid.cpp(549,53): warning C4244: 'argument': conversion from 'double' to 'float', possible loss of data
C:\Users\Darren\Documents\GitHub\Studio-Project3\DM2212_Physics\Physics\Source\SceneAsteroid.cpp(549,25): warning C4244: 'argument': conversion from 'double' to 'float', possible loss of data
C:\Users\Darren\Documents\GitHub\Studio-Project3\DM2212_Physics\Physics\Source\SceneAsteroid.cpp(558,54): warning C4244: 'argument': conversion from 'double' to 'float', possible loss of data
C:\Users\Darren\Documents\GitHub\Studio-Project3\DM2212_Physics\Physics\Source\SceneAsteroid.cpp(558,26): warning C4244: 'argument': conversion from 'double' to 'float', possible loss of data
C:\Users\Darren\Documents\GitHub\Studio-Project3\DM2212_Physics\Physics\Source\SceneAsteroid.cpp(564,56): warning C4244: 'argument': conversion from 'double' to 'float', possible loss of data
C:\Users\Darren\Documents\GitHub\Studio-Project3\DM2212_Physics\Physics\Source\SceneAsteroid.cpp(564,28): warning C4244: 'argument': conversion from 'double' to 'float', possible loss of data
C:\Users\Darren\Documents\GitHub\Studio-Project3\DM2212_Physics\Physics\Source\SceneAsteroid.cpp(595,31): warning C4244: 'argument': conversion from 'double' to 'float', possible loss of data
C:\Users\Darren\Documents\GitHub\Studio-Project3\DM2212_Physics\Physics\Source\SceneAsteroid.cpp(602,63): warning C4244: '+=': conversion from 'double' to 'float', possible loss of data
C:\Users\Darren\Documents\GitHub\Studio-Project3\DM2212_Physics\Physics\Source\SceneAsteroid.cpp(604,71): warning C4244: 'argument': conversion from 'double' to 'float', possible loss of data
C:\Users\Darren\Documents\GitHub\Studio-Project3\DM2212_Physics\Physics\Source\SceneAsteroid.cpp(606,16): warning C4244: '-=': conversion from 'double' to 'float', possible loss of data
C:\Users\Darren\Documents\GitHub\Studio-Project3\DM2212_Physics\Physics\Source\SceneAsteroid.cpp(697,25): warning C4244: 'argument': conversion from 'double' to 'float', possible loss of data
C:\Users\Darren\Documents\GitHub\Studio-Project3\DM2212_Physics\Physics\Source\SceneAsteroid.cpp(763,49): warning C4244: 'argument': conversion from 'double' to 'float', possible loss of data
C:\Users\Darren\Documents\GitHub\Studio-Project3\DM2212_Physics\Physics\Source\SceneAsteroid.cpp(767,23): warning C4018: '<': signed/unsigned mismatch
C:\Users\Darren\Documents\GitHub\Studio-Project3\DM2212_Physics\Physics\Source\SceneAsteroid.cpp(846,49): warning C4244: 'argument': conversion from 'double' to 'float', possible loss of data
C:\Users\Darren\Documents\GitHub\Studio-Project3\DM2212_Physics\Physics\Source\SceneAsteroid.cpp(867,23): warning C4018: '<': signed/unsigned mismatch
C:\Users\Darren\Documents\GitHub\Studio-Project3\DM2212_Physics\Physics\Source\SceneAsteroid.cpp(885,81): warning C4244: 'argument': conversion from 'double' to 'float', possible loss of data
C:\Users\Darren\Documents\GitHub\Studio-Project3\DM2212_Physics\Physics\Source\SceneAsteroid.cpp(909,70): warning C4244: 'argument': conversion from 'double' to 'float', possible loss of data
C:\Users\Darren\Documents\GitHub\Studio-Project3\DM2212_Physics\Physics\Source\SceneAsteroid.cpp(938,23): warning C4018: '<': signed/unsigned mismatch
C:\Users\Darren\Documents\GitHub\Studio-Project3\DM2212_Physics\Physics\Source\SceneAsteroid.cpp(948,80): warning C4244: 'argument': conversion from 'double' to 'float', possible loss of data
C:\Users\Darren\Documents\GitHub\Studio-Project3\DM2212_Physics\Physics\Source\SceneAsteroid.cpp(965,68): warning C4244: 'argument': conversion from 'double' to 'float', possible loss of data
C:\Users\Darren\Documents\GitHub\Studio-Project3\DM2212_Physics\Physics\Source\SceneAsteroid.cpp(995,27): warning C4244: '-=': conversion from 'double' to 'float', possible loss of data
C:\Users\Darren\Documents\GitHub\Studio-Project3\DM2212_Physics\Physics\Source\SceneAsteroid.cpp(999,32): warning C4244: '=': conversion from 'double' to 'float', possible loss of data
C:\Users\Darren\Documents\GitHub\Studio-Project3\DM2212_Physics\Physics\Source\SceneAsteroid.cpp(1021,51): warning C4244: '-=': conversion from 'double' to 'float', possible loss of data
C:\Users\Darren\Documents\GitHub\Studio-Project3\DM2212_Physics\Physics\Source\SceneAsteroid.cpp(1024,31): warning C4244: '=': conversion from 'double' to 'float', possible loss of data
C:\Users\Darren\Documents\GitHub\Studio-Project3\DM2212_Physics\Physics\Source\SceneAsteroid.cpp(1040,50): warning C4244: 'argument': conversion from 'double' to 'float', possible loss of data
C:\Users\Darren\Documents\GitHub\Studio-Project3\DM2212_Physics\Physics\Source\SceneAsteroid.cpp(1074,48): warning C4244: 'argument': conversion from 'double' to 'float', possible loss of data
C:\Users\Darren\Documents\GitHub\Studio-Project3\DM2212_Physics\Physics\Source\SceneAsteroid.cpp(1093,27): warning C4244: '-=': conversion from 'double' to 'float', possible loss of data
C:\Users\Darren\Documents\GitHub\Studio-Project3\DM2212_Physics\Physics\Source\SceneAsteroid.cpp(1097,32): warning C4244: '=': conversion from 'double' to 'float', possible loss of data
C:\Users\Darren\Documents\GitHub\Studio-Project3\DM2212_Physics\Physics\Source\SceneAsteroid.cpp(1114,49): warning C4244: 'argument': conversion from 'double' to 'float', possible loss of data
C:\Users\Darren\Documents\GitHub\Studio-Project3\DM2212_Physics\Physics\Source\SceneAsteroid.cpp(1154,23): warning C4018: '<': signed/unsigned mismatch
C:\Users\Darren\Documents\GitHub\Studio-Project3\DM2212_Physics\Physics\Source\SceneAsteroid.cpp(1200,78): warning C4244: 'argument': conversion from 'int' to 'float', possible loss of data
C:\Users\Darren\Documents\GitHub\Studio-Project3\DM2212_Physics\Physics\Source\SceneAsteroid.cpp(1200,51): warning C4244: 'argument': conversion from 'int' to 'float', possible loss of data
C:\Users\Darren\Documents\GitHub\Studio-Project3\DM2212_Physics\Physics\Source\SceneAsteroid.cpp(1220,27): warning C4244: '=': conversion from 'float' to 'int', possible loss of data
C:\Users\Darren\Documents\GitHub\Studio-Project3\DM2212_Physics\Physics\Source\SceneAsteroid.cpp(1247,27): warning C4244: '=': conversion from 'float' to 'int', possible loss of data
C:\Users\Darren\Documents\GitHub\Studio-Project3\DM2212_Physics\Physics\Source\SceneAsteroid.cpp(1265,22): warning C4018: '<': signed/unsigned mismatch
C:\Users\Darren\Documents\GitHub\Studio-Project3\DM2212_Physics\Physics\Source\SceneAsteroid.cpp(1279,40): warning C4244: '=': conversion from 'int' to 'float', possible loss of data
C:\Users\Darren\Documents\GitHub\Studio-Project3\DM2212_Physics\Physics\Source\SceneAsteroid.cpp(1311,78): warning C4244: 'argument': conversion from 'int' to 'float', possible loss of data
C:\Users\Darren\Documents\GitHub\Studio-Project3\DM2212_Physics\Physics\Source\SceneAsteroid.cpp(1311,50): warning C4244: 'argument': conversion from 'int' to 'float', possible loss of data
C:\Users\Darren\Documents\GitHub\Studio-Project3\DM2212_Physics\Physics\Source\SceneAsteroid.cpp(1336,26): warning C4244: '=': conversion from 'float' to 'int', possible loss of data
C:\Users\Darren\Documents\GitHub\Studio-Project3\DM2212_Physics\Physics\Source\SceneAsteroid.cpp(1363,26): warning C4244: '=': conversion from 'float' to 'int', possible loss of data
C:\Users\Darren\Documents\GitHub\Studio-Project3\DM2212_Physics\Physics\Source\SceneAsteroid.cpp(1467,28): warning C4244: '=': conversion from 'double' to 'float', possible loss of data
  SceneBase.cpp
  SceneCollision.cpp
C:\Users\Darren\Documents\GitHub\Studio-Project3\DM2212_Physics\Physics\Source\SceneAsteroid.cpp(1476,28): warning C4244: '=': conversion from 'double' to 'float', possible loss of data
C:\Users\Darren\Documents\GitHub\Studio-Project3\DM2212_Physics\Physics\Source\SceneCollision.cpp(443,51): warning C4244: 'argument': conversion from 'double' to 'float', possible loss of data
C:\Users\Darren\Documents\GitHub\Studio-Project3\DM2212_Physics\Physics\Source\SceneCollision.cpp(538,51): warning C4244: 'argument': conversion from 'double' to 'float', possible loss of data
C:\Users\Darren\Documents\GitHub\Studio-Project3\DM2212_Physics\Physics\Source\SceneCollision.cpp(538,21): warning C4244: 'argument': conversion from 'double' to 'float', possible loss of data
C:\Users\Darren\Documents\GitHub\Studio-Project3\DM2212_Physics\Physics\Source\SceneCollision.cpp(592,56): warning C4244: 'argument': conversion from 'double' to 'float', possible loss of data
C:\Users\Darren\Documents\GitHub\Studio-Project3\DM2212_Physics\Physics\Source\SceneCollision.cpp(592,28): warning C4244: 'argument': conversion from 'double' to 'float', possible loss of data
C:\Users\Darren\Documents\GitHub\Studio-Project3\DM2212_Physics\Physics\Source\SceneCollision.cpp(642,52): warning C4244: 'argument': conversion from 'double' to 'float', possible loss of data
C:\Users\Darren\Documents\GitHub\Studio-Project3\DM2212_Physics\Physics\Source\SceneCollision.cpp(642,22): warning C4244: 'argument': conversion from 'double' to 'float', possible loss of data
C:\Users\Darren\Documents\GitHub\Studio-Project3\DM2212_Physics\Physics\Source\SceneCollision.cpp(696,31): warning C4244: 'argument': conversion from 'double' to 'float', possible loss of data
C:\Users\Darren\Documents\GitHub\Studio-Project3\DM2212_Physics\Physics\Source\SceneCollision.cpp(703,63): warning C4244: '+=': conversion from 'double' to 'float', possible loss of data
C:\Users\Darren\Documents\GitHub\Studio-Project3\DM2212_Physics\Physics\Source\SceneCollision.cpp(705,71): warning C4244: 'argument': conversion from 'double' to 'float', possible loss of data
C:\Users\Darren\Documents\GitHub\Studio-Project3\DM2212_Physics\Physics\Source\SceneCollision.cpp(707,16): warning C4244: '-=': conversion from 'double' to 'float', possible loss of data
C:\Users\Darren\Documents\GitHub\Studio-Project3\DM2212_Physics\Physics\Source\SceneCollision.cpp(756,25): warning C4244: 'argument': conversion from 'double' to 'float', possible loss of data
C:\Users\Darren\Documents\GitHub\Studio-Project3\DM2212_Physics\Physics\Source\SceneCollision.cpp(819,49): warning C4244: 'argument': conversion from 'double' to 'float', possible loss of data
C:\Users\Darren\Documents\GitHub\Studio-Project3\DM2212_Physics\Physics\Source\SceneCollision.cpp(823,23): warning C4018: '<': signed/unsigned mismatch
C:\Users\Darren\Documents\GitHub\Studio-Project3\DM2212_Physics\Physics\Source\SceneCollision.cpp(879,50): warning C4244: '-=': conversion from 'double' to 'float', possible loss of data
C:\Users\Darren\Documents\GitHub\Studio-Project3\DM2212_Physics\Physics\Source\SceneCollision.cpp(882,30): warning C4244: '=': conversion from 'double' to 'float', possible loss of data
C:\Users\Darren\Documents\GitHub\Studio-Project3\DM2212_Physics\Physics\Source\SceneCollision.cpp(898,49): warning C4244: 'argument': conversion from 'double' to 'float', possible loss of data
C:\Users\Darren\Documents\GitHub\Studio-Project3\DM2212_Physics\Physics\Source\SceneCollision.cpp(938,23): warning C4018: '<': signed/unsigned mismatch
C:\Users\Darren\Documents\GitHub\Studio-Project3\DM2212_Physics\Physics\Source\SceneCollision.cpp(984,78): warning C4244: 'argument': conversion from 'int' to 'float', possible loss of data
C:\Users\Darren\Documents\GitHub\Studio-Project3\DM2212_Physics\Physics\Source\SceneCollision.cpp(984,50): warning C4244: 'argument': conversion from 'int' to 'float', possible loss of data
C:\Users\Darren\Documents\GitHub\Studio-Project3\DM2212_Physics\Physics\Source\SceneCollision.cpp(1040,26): warning C4244: '=': conversion from 'float' to 'int', possible loss of data
C:\Users\Darren\Documents\GitHub\Studio-Project3\DM2212_Physics\Physics\Source\SceneCollision.cpp(1067,26): warning C4244: '=': conversion from 'float' to 'int', possible loss of data
  SceneKinematics.cpp
C:\Users\Darren\Documents\GitHub\Studio-Project3\DM2212_Physics\Physics\Source\SceneCollision.cpp(1179,18): warning C4244: '+=': conversion from 'double' to 'float', possible loss of data
C:\Users\Darren\Documents\GitHub\Studio-Project3\DM2212_Physics\Physics\Source\SceneKinematics.cpp(69,21): warning C4244: '+=': conversion from 'double' to 'float', possible loss of data
C:\Users\Darren\Documents\GitHub\Studio-Project3\DM2212_Physics\Physics\Source\SceneKinematics.cpp(74,21): warning C4244: '-=': conversion from 'double' to 'float', possible loss of data
C:\Users\Darren\Documents\GitHub\Studio-Project3\DM2212_Physics\Physics\Source\SceneKinematics.cpp(97,16): warning C4244: 'initializing': conversion from 'int' to 'float', possible loss of data
C:\Users\Darren\Documents\GitHub\Studio-Project3\DM2212_Physics\Physics\Source\SceneKinematics.cpp(98,16): warning C4244: 'initializing': conversion from 'int' to 'float', possible loss of data
C:\Users\Darren\Documents\GitHub\Studio-Project3\DM2212_Physics\Physics\Source\SceneKinematics.cpp(115,16): warning C4244: 'initializing': conversion from 'int' to 'float', possible loss of data
C:\Users\Darren\Documents\GitHub\Studio-Project3\DM2212_Physics\Physics\Source\SceneKinematics.cpp(116,16): warning C4244: 'initializing': conversion from 'int' to 'float', possible loss of data
C:\Users\Darren\Documents\GitHub\Studio-Project3\DM2212_Physics\Physics\Source\SceneKinematics.cpp(143,59): warning C4244: 'argument': conversion from 'double' to 'float', possible loss of data
C:\Users\Darren\Documents\GitHub\Studio-Project3\DM2212_Physics\Physics\Source\SceneKinematics.cpp(143,29): warning C4244: 'argument': conversion from 'double' to 'float', possible loss of data
C:\Users\Darren\Documents\GitHub\Studio-Project3\DM2212_Physics\Physics\Source\SceneKinematics.cpp(161,54): warning C4244: 'argument': conversion from 'double' to 'float', possible loss of data
C:\Users\Darren\Documents\GitHub\Studio-Project3\DM2212_Physics\Physics\Source\SceneKinematics.cpp(161,24): warning C4244: 'argument': conversion from 'double' to 'float', possible loss of data
C:\Users\Darren\Documents\GitHub\Studio-Project3\DM2212_Physics\Physics\Source\SceneKinematics.cpp(162,81): warning C4244: 'argument': conversion from 'double' to 'float', possible loss of data
C:\Users\Darren\Documents\GitHub\Studio-Project3\DM2212_Physics\Physics\Source\SceneKinematics.cpp(162,38): warning C4244: 'argument': conversion from 'double' to 'float', possible loss of data
C:\Users\Darren\Documents\GitHub\Studio-Project3\DM2212_Physics\Physics\Source\SceneKinematics.cpp(230,54): warning C4244: 'argument': conversion from 'double' to 'float', possible loss of data
C:\Users\Darren\Documents\GitHub\Studio-Project3\DM2212_Physics\Physics\Source\SceneKinematics.cpp(230,24): warning C4244: 'argument': conversion from 'double' to 'float', possible loss of data
C:\Users\Darren\Documents\GitHub\Studio-Project3\DM2212_Physics\Physics\Source\SceneKinematics.cpp(257,28): warning C4244: 'argument': conversion from 'double' to 'float', possible loss of data
C:\Users\Darren\Documents\GitHub\Studio-Project3\DM2212_Physics\Physics\Source\SceneKinematics.cpp(258,26): warning C4244: 'argument': conversion from 'double' to 'float', possible loss of data
C:\Users\Darren\Documents\GitHub\Studio-Project3\DM2212_Physics\Physics\Source\SceneKinematics.cpp(262,24): warning C4244: '+=': conversion from 'double' to 'float', possible loss of data
  shader.cpp
  Utility.cpp
  Generating Code...
C:\Users\Darren\Documents\GitHub\Studio-Project3\DM2212_Physics\Physics\Source\SceneKinematics.cpp(267,24): warning C4244: '+=': conversion from 'double' to 'float', possible loss of data
LINK : warning LNK4098: defaultlib 'MSVCRT' conflicts with use of other libs; use /NODEFAULTLIB:library
  Physics.vcxproj -> C:\Users\Darren\Documents\GitHub\Studio-Project3\DM2212_Physics\Debug\Physics.exe
